[    0.000000] Linux version 4.15.0-112-generic (buildd@lcy01-amd64-027) (gcc version 7.5.0 (Ubuntu 7.5.0-3ubuntu1~18.04)) #113-Ubuntu SMP Thu Jul 9 23:41:39 UTC 2020 (Ubuntu 4.15.0-112.113-generic 4.15.18)
[    0.000000] Command line: BOOT_IMAGE=/boot/vmlinuz-4.15.0-112-generic root=UUID=dc23f8c4-3f89-4a1c-b29d-39101a776c96 ro console=tty1 console=ttyS0
[    0.000000] KERNEL supported cpus:
[    0.000000]   Intel GenuineIntel
[    0.000000]   AMD AuthenticAMD
[    0.000000]   Centaur CentaurHauls
[    0.000000] x86/fpu: Supporting XSAVE feature 0x001: 'x87 floating point registers'
[    0.000000] x86/fpu: Supporting XSAVE feature 0x002: 'SSE registers'
[    0.000000] x86/fpu: Enabled xstate features 0x3, context size is 576 bytes, using 'standard' format.
[    0.000000] e820: BIOS-provided physical RAM map:
[    0.000000] BIOS-e820: [mem 0x0000000000000000-0x000000000009fbff] usable
[    0.000000] BIOS-e820: [mem 0x000000000009fc00-0x000000000009ffff] reserved
[    0.000000] BIOS-e820: [mem 0x00000000000f0000-0x00000000000fffff] reserved
[    0.000000] BIOS-e820: [mem 0x0000000000100000-0x00000000dffeffff] usable
[    0.000000] BIOS-e820: [mem 0x00000000dfff0000-0x00000000dfffffff] ACPI data
[    0.000000] BIOS-e820: [mem 0x00000000fec00000-0x00000000fec00fff] reserved
[    0.000000] BIOS-e820: [mem 0x00000000fee00000-0x00000000fee00fff] reserved
[    0.000000] BIOS-e820: [mem 0x00000000fffc0000-0x00000000ffffffff] reserved
[    0.000000] BIOS-e820: [mem 0x0000000100000000-0x000000031d7fffff] usable
[    0.000000] NX (Execute Disable) protection: active
[    0.000000] SMBIOS 2.5 present.
[    0.000000] DMI: innotek GmbH VirtualBox/VirtualBox, BIOS VirtualBox 12/01/2006
[    0.000000] Hypervisor detected: KVM
[    0.000000] e820: last_pfn = 0x31d800 max_arch_pfn = 0x400000000
[    0.000000] MTRR: Disabled
[    0.000000] x86/PAT: MTRRs disabled, skipping PAT initialization too.
[    0.000000] CPU MTRRs all blank - virtualized system.
[    0.000000] x86/PAT: Configuration [0-7]: WB  WT  UC- UC  WB  WT  UC- UC  
[    0.000000] e820: last_pfn = 0xdfff0 max_arch_pfn = 0x400000000
[    0.000000] found SMP MP-table at [mem 0x0009fff0-0x0009ffff]
[    0.000000] Scanning 1 areas for low memory corruption
[    0.000000] RAMDISK: [mem 0x3595f000-0x36ca6fff]
[    0.000000] ACPI: Early table checksum verification disabled
[    0.000000] ACPI: RSDP 0x00000000000E0000 000024 (v02 VBOX  )
[    0.000000] ACPI: XSDT 0x00000000DFFF0030 00003C (v01 VBOX   VBOXXSDT 00000001 ASL  00000061)
[    0.000000] ACPI: FACP 0x00000000DFFF00F0 0000F4 (v04 VBOX   VBOXFACP 00000001 ASL  00000061)
[    0.000000] ACPI: DSDT 0x00000000DFFF0480 002325 (v02 VBOX   VBOXBIOS 00000002 INTL 20100528)
[    0.000000] ACPI: FACS 0x00000000DFFF0200 000040
[    0.000000] ACPI: FACS 0x00000000DFFF0200 000040
[    0.000000] ACPI: APIC 0x00000000DFFF0240 00006C (v02 VBOX   VBOXAPIC 00000001 ASL  00000061)
[    0.000000] ACPI: SSDT 0x00000000DFFF02B0 0001CC (v01 VBOX   VBOXCPUT 00000002 INTL 20100528)
[    0.000000] No NUMA configuration found
[    0.000000] Faking a node at [mem 0x0000000000000000-0x000000031d7fffff]
[    0.000000] NODE_DATA(0) allocated [mem 0x31d7d0000-0x31d7fafff]
[    0.000000] kvm-clock: cpu 0, msr 3:1d74f001, primary cpu clock
[    0.000000] kvm-clock: Using msrs 4b564d01 and 4b564d00
[    0.000000] kvm-clock: using sched offset of 6376348514 cycles
[    0.000000] clocksource: kvm-clock: mask: 0xffffffffffffffff max_cycles: 0x1cd42e4dffb, max_idle_ns: 881590591483 ns
[    0.000000] Zone ranges:
[    0.000000]   DMA      [mem 0x0000000000001000-0x0000000000ffffff]
[    0.000000]   DMA32    [mem 0x0000000001000000-0x00000000ffffffff]
[    0.000000]   Normal   [mem 0x0000000100000000-0x000000031d7fffff]
[    0.000000]   Device   empty
[    0.000000] Movable zone start for each node
[    0.000000] Early memory node ranges
[    0.000000]   node   0: [mem 0x0000000000001000-0x000000000009efff]
[    0.000000]   node   0: [mem 0x0000000000100000-0x00000000dffeffff]
[    0.000000]   node   0: [mem 0x0000000100000000-0x000000031d7fffff]
[    0.000000] Reserved but unavailable: 98 pages
[    0.000000] Initmem setup node 0 [mem 0x0000000000001000-0x000000031d7fffff]
[    0.000000] ACPI: PM-Timer IO Port: 0x4008
[    0.000000] IOAPIC[0]: apic_id 4, version 32, address 0xfec00000, GSI 0-23
[    0.000000] ACPI: INT_SRC_OVR (bus 0 bus_irq 0 global_irq 2 dfl dfl)
[    0.000000] ACPI: INT_SRC_OVR (bus 0 bus_irq 9 global_irq 9 low level)
[    0.000000] Using ACPI (MADT) for SMP configuration information
[    0.000000] smpboot: Allowing 4 CPUs, 0 hotplug CPUs
[    0.000000] PM: Registered nosave memory: [mem 0x00000000-0x00000fff]
[    0.000000] PM: Registered nosave memory: [mem 0x0009f000-0x0009ffff]
[    0.000000] PM: Registered nosave memory: [mem 0x000a0000-0x000effff]
[    0.000000] PM: Registered nosave memory: [mem 0x000f0000-0x000fffff]
[    0.000000] PM: Registered nosave memory: [mem 0xdfff0000-0xdfffffff]
[    0.000000] PM: Registered nosave memory: [mem 0xe0000000-0xfebfffff]
[    0.000000] PM: Registered nosave memory: [mem 0xfec00000-0xfec00fff]
[    0.000000] PM: Registered nosave memory: [mem 0xfec01000-0xfedfffff]
[    0.000000] PM: Registered nosave memory: [mem 0xfee00000-0xfee00fff]
[    0.000000] PM: Registered nosave memory: [mem 0xfee01000-0xfffbffff]
[    0.000000] PM: Registered nosave memory: [mem 0xfffc0000-0xffffffff]
[    0.000000] e820: [mem 0xe0000000-0xfebfffff] available for PCI devices
[    0.000000] Booting paravirtualized kernel on KVM
[    0.000000] clocksource: refined-jiffies: mask: 0xffffffff max_cycles: 0xffffffff, max_idle_ns: 7645519600211568 ns
[    0.000000] random: get_random_bytes called from start_kernel+0x99/0x500 with crng_init=0
[    0.000000] setup_percpu: NR_CPUS:8192 nr_cpumask_bits:4 nr_cpu_ids:4 nr_node_ids:1
[    0.000000] percpu: Embedded 45 pages/cpu s147456 r8192 d28672 u524288
[    0.000000] PV qspinlock hash table entries: 256 (order: 0, 4096 bytes)
[    0.000000] Built 1 zonelists, mobility grouping on.  Total pages: 3086361
[    0.000000] Policy zone: Normal
[    0.000000] Kernel command line: BOOT_IMAGE=/boot/vmlinuz-4.15.0-112-generic root=UUID=dc23f8c4-3f89-4a1c-b29d-39101a776c96 ro console=tty1 console=ttyS0
[    0.000000] Memory: 12229328K/12541496K available (12300K kernel code, 2481K rwdata, 4272K rodata, 2436K init, 2720K bss, 312168K reserved, 0K cma-reserved)
[    0.000000] SLUB: HWalign=64, Order=0-3, MinObjects=0, CPUs=4, Nodes=1
[    0.000000] Kernel/User page tables isolation: enabled
[    0.000000] ftrace: allocating 39378 entries in 154 pages
[    0.004000] Hierarchical RCU implementation.
[    0.004000] 	RCU restricting CPUs from NR_CPUS=8192 to nr_cpu_ids=4.
[    0.004000] 	Tasks RCU enabled.
[    0.004000] RCU: Adjusting geometry for rcu_fanout_leaf=16, nr_cpu_ids=4
[    0.004000] NR_IRQS: 524544, nr_irqs: 456, preallocated irqs: 16
[    0.004000] Console: colour VGA+ 80x25
[    0.004000] console [tty1] enabled
[    0.004000] console [ttyS0] enabled
[    0.004000] ACPI: Core revision 20170831
[    0.004000] ACPI: 2 ACPI AML tables successfully acquired and loaded
[    0.004000] APIC: Switch to symmetric I/O mode setup
[    0.004000] x2apic enabled
[    0.004000] Switched APIC routing to physical x2apic.
[    0.008000] ..TIMER: vector=0x30 apic1=0 pin1=2 apic2=-1 pin2=-1
[    0.008008] tsc: Detected 2304.000 MHz processor
[    0.009601] Calibrating delay loop (skipped) preset value.. 4608.00 BogoMIPS (lpj=9216000)
[    0.012010] pid_max: default: 32768 minimum: 301
[    0.013586] Security Framework initialized
[    0.016008] Yama: becoming mindful.
[    0.020062] AppArmor: AppArmor initialized
[    0.056534] Dentry cache hash table entries: 2097152 (order: 12, 16777216 bytes)
[    0.080546] Inode-cache hash table entries: 1048576 (order: 11, 8388608 bytes)
[    0.084096] Mount-cache hash table entries: 32768 (order: 6, 262144 bytes)
[    0.088072] Mountpoint-cache hash table entries: 32768 (order: 6, 262144 bytes)
[    0.096594] Last level iTLB entries: 4KB 64, 2MB 8, 4MB 8
[    0.100011] Last level dTLB entries: 4KB 64, 2MB 0, 4MB 0, 1GB 4
[    0.104010] Spectre V1 : Mitigation: usercopy/swapgs barriers and __user pointer sanitization
[    0.108010] Spectre V2 : Mitigation: Full generic retpoline
[    0.109958] Spectre V2 : Spectre v2 / SpectreRSB mitigation: Filling RSB on context switch
[    0.112008] Speculative Store Bypass: Vulnerable
[    0.116086] SRBDS: Unknown: Dependent on hypervisor status
[    0.119172] MDS: Mitigation: Clear CPU buffers
[    0.120487] Freeing SMP alternatives memory: 36K
[    0.237327] smpboot: CPU0: Intel(R) Pentium(R) CPU 4417U @ 2.30GHz (family: 0x6, model: 0x8e, stepping: 0xa)
[    0.240244] Performance Events: unsupported p6 CPU model 142 no PMU driver, software events only.
[    0.248076] Hierarchical SRCU implementation.
[    0.252493] NMI watchdog: Perf event create on CPU 0 failed with -2
[    0.255408] NMI watchdog: Perf NMI watchdog permanently disabled
[    0.256159] smp: Bringing up secondary CPUs ...
[    0.264629] x86: Booting SMP configuration:
[    0.268015] .... node  #0, CPUs:      #1
[    0.004000] kvm-clock: cpu 1, msr 3:1d74f041, secondary cpu clock
[    0.278341]  #2
[    0.004000] kvm-clock: cpu 2, msr 3:1d74f081, secondary cpu clock
[    0.284141]  #3
[    0.004000] kvm-clock: cpu 3, msr 3:1d74f0c1, secondary cpu clock
[    0.291541] smp: Brought up 1 node, 4 CPUs
[    0.292019] smpboot: Max logical packages: 1
[    0.294168] smpboot: Total of 4 processors activated (18432.00 BogoMIPS)
[    0.302304] devtmpfs: initialized
[    0.302304] x86/mm: Memory block size: 128MB
[    0.305826] evm: security.selinux
[    0.308014] evm: security.SMACK64
[    0.312009] evm: security.SMACK64EXEC
[    0.313495] evm: security.SMACK64TRANSMUTE
[    0.315434] evm: security.SMACK64MMAP
[    0.316008] evm: security.apparmor
[    0.318014] evm: security.ima
[    0.320010] evm: security.capability
[    0.322470] clocksource: jiffies: mask: 0xffffffff max_cycles: 0xffffffff, max_idle_ns: 7645041785100000 ns
[    0.324040] futex hash table entries: 1024 (order: 4, 65536 bytes)
[    0.328235] pinctrl core: initialized pinctrl subsystem
[    0.336307] RTC time: 15:52:47, date: 08/01/20
[    0.340580] NET: Registered protocol family 16
[    0.344218] audit: initializing netlink subsys (disabled)
[    0.348085] audit: type=2000 audit(1596297176.377:1): state=initialized audit_enabled=0 res=1
[    0.352020] cpuidle: using governor ladder
[    0.354333] cpuidle: using governor menu
[    0.356231] ACPI: bus type PCI registered
[    0.359352] acpiphp: ACPI Hot Plug PCI Controller Driver version: 0.5
[    0.360432] PCI: Using configuration type 1 for base access
[    0.372896] HugeTLB registered 2.00 MiB page size, pre-allocated 0 pages
[    0.386624] ACPI: Added _OSI(Module Device)
[    0.388040] ACPI: Added _OSI(Processor Device)
[    0.392019] ACPI: Added _OSI(3.0 _SCP Extensions)
[    0.396011] ACPI: Added _OSI(Processor Aggregator Device)
[    0.400014] ACPI: Added _OSI(Linux-Dell-Video)
[    0.404016] ACPI: Added _OSI(Linux-Lenovo-NV-HDMI-Audio)
[    0.408012] ACPI: Added _OSI(Linux-HPI-Hybrid-Graphics)
[    0.412755] ACPI: Executed 1 blocks of module-level executable AML code
[    0.425757] ACPI: Interpreter enabled
[    0.427261] ACPI: (supports S0 S5)
[    0.428007] ACPI: Using IOAPIC for interrupt routing
[    0.430302] PCI: Using host bridge windows from ACPI; if necessary, use "pci=nocrs" and report a bug
[    0.432528] ACPI: Enabled 2 GPEs in block 00 to 07
[    0.457145] ACPI: PCI Root Bridge [PCI0] (domain 0000 [bus 00-ff])
[    0.460023] acpi PNP0A03:00: _OSC: OS supports [ASPM ClockPM Segments MSI]
[    0.465576] acpi PNP0A03:00: _OSC: not requesting OS control; OS requires [ExtendedConfig ASPM ClockPM MSI]
[    0.468043] acpi PNP0A03:00: fail to add MMCONFIG information, can't access extended PCI configuration space under this bridge.
[    0.477127] PCI host bridge to bus 0000:00
[    0.480024] pci_bus 0000:00: root bus resource [io  0x0000-0x0cf7 window]
[    0.484020] pci_bus 0000:00: root bus resource [io  0x0d00-0xffff window]
[    0.488015] pci_bus 0000:00: root bus resource [mem 0x000a0000-0x000bffff window]
[    0.492023] pci_bus 0000:00: root bus resource [mem 0xe0000000-0xfdffffff window]
[    0.496021] pci_bus 0000:00: root bus resource [bus 00-ff]
[    0.510180] pci 0000:00:01.1: legacy IDE quirk: reg 0x10: [io  0x01f0-0x01f7]
[    0.512092] pci 0000:00:01.1: legacy IDE quirk: reg 0x14: [io  0x03f6]
[    0.516014] pci 0000:00:01.1: legacy IDE quirk: reg 0x18: [io  0x0170-0x0177]
[    0.520015] pci 0000:00:01.1: legacy IDE quirk: reg 0x1c: [io  0x0376]
[    0.789800] pci 0000:00:07.0: quirk: [io  0x4000-0x403f] claimed by PIIX4 ACPI
[    0.792061] pci 0000:00:07.0: quirk: [io  0x4100-0x410f] claimed by PIIX4 SMB
[    0.889501] ACPI: PCI Interrupt Link [LNKA] (IRQs 5 9 10 *11)
[    0.900675] ACPI: PCI Interrupt Link [LNKB] (IRQs 5 9 *10 11)
[    0.912570] ACPI: PCI Interrupt Link [LNKC] (IRQs 5 *9 10 11)
[    0.920426] ACPI: PCI Interrupt Link [LNKD] (IRQs 5 9 10 *11)
[    0.936982] SCSI subsystem initialized
[    0.976115] pci 0000:00:02.0: vgaarb: setting as boot VGA device
[    0.980000] pci 0000:00:02.0: vgaarb: VGA device added: decodes=io+mem,owns=io+mem,locks=none
[    1.004019] pci 0000:00:02.0: vgaarb: bridge control possible
[    1.006943] vgaarb: loaded
[    1.012122] ACPI: bus type USB registered
[    1.012122] usbcore: registered new interface driver usbfs
[    1.056060] usbcore: registered new interface driver hub
[    1.064241] usbcore: registered new device driver usb
[    1.076152] EDAC MC: Ver: 3.0.0
[    1.080115] PCI: Using ACPI for IRQ routing
[    1.084896] NetLabel: Initializing
[    1.084896] NetLabel:  domain hash size = 128
[    1.087010] NetLabel:  protocols = UNLABELED CIPSOv4 CALIPSO
[    1.092059] NetLabel:  unlabeled traffic allowed by default
[    1.097371] clocksource: Switched to clocksource kvm-clock
[    1.154573] VFS: Disk quotas dquot_6.6.0
[    1.157880] VFS: Dquot-cache hash table entries: 512 (order 0, 4096 bytes)
[    1.162779] AppArmor: AppArmor Filesystem Enabled
[    1.165505] pnp: PnP ACPI init
[    1.170184] pnp: PnP ACPI: found 3 devices
[    1.204489] clocksource: acpi_pm: mask: 0xffffff max_cycles: 0xffffff, max_idle_ns: 2085701024 ns
[    1.210720] NET: Registered protocol family 2
[    1.213609] TCP established hash table entries: 131072 (order: 8, 1048576 bytes)
[    1.222487] TCP bind hash table entries: 65536 (order: 8, 1048576 bytes)
[    1.230649] TCP: Hash tables configured (established 131072 bind 65536)
[    1.235123] UDP hash table entries: 8192 (order: 6, 262144 bytes)
[    1.239972] UDP-Lite hash table entries: 8192 (order: 6, 262144 bytes)
[    1.243462] NET: Registered protocol family 1
[    1.245761] pci 0000:00:00.0: Limiting direct PCI/PCI transfers
[    1.248261] pci 0000:00:01.0: Activating ISA DMA hang workarounds
[    1.250331] pci 0000:00:02.0: Video device with shadowed ROM at [mem 0x000c0000-0x000dffff]
[    1.255363] Unpacking initramfs...
[    2.191839] Freeing initrd memory: 19744K
[    2.199229] PCI-DMA: Using software bounce buffering for IO (SWIOTLB)
[    2.222298] software IO TLB: mapped [mem 0xdbff0000-0xdfff0000] (64MB)
[    2.226220] clocksource: tsc: mask: 0xffffffffffffffff max_cycles: 0x2135f7c97c8, max_idle_ns: 440795273205 ns
[    2.236515] platform rtc_cmos: registered platform RTC device (no PNP device found)
[    2.243246] Scanning for low memory corruption every 60 seconds
[    2.248679] Initialise system trusted keyrings
[    2.250515] Key type blacklist registered
[    2.252701] workingset: timestamp_bits=36 max_order=22 bucket_order=0
[    2.256425] zbud: loaded
[    2.258839] squashfs: version 4.0 (2009/01/31) Phillip Lougher
[    2.261436] fuse init (API version 7.26)
[    2.274004] Key type asymmetric registered
[    2.275422] Asymmetric key parser 'x509' registered
[    2.277362] Block layer SCSI generic (bsg) driver version 0.4 loaded (major 246)
[    2.280717] io scheduler noop registered
[    2.282614] io scheduler deadline registered
[    2.284138] io scheduler cfq registered (default)
[    2.286851] ACPI: AC Adapter [AC] (off-line)
[    2.289177] input: Power Button as /devices/LNXSYSTM:00/LNXPWRBN:00/input/input0
[    2.292132] ACPI: Power Button [PWRF]
[    2.294536] input: Sleep Button as /devices/LNXSYSTM:00/LNXSLPBN:00/input/input1
[    2.297597] ACPI: Sleep Button [SLPF]
[    2.303804] ACPI: Battery Slot [BAT0] (battery present)
[    2.305956] Serial: 8250/16550 driver, 32 ports, IRQ sharing enabled
[    2.330796] 00:02: ttyS0 at I/O 0x3f8 (irq = 4, base_baud = 115200) is a 16550A
[    2.347208] Linux agpgart interface v0.103
[    2.365772] loop: module loaded
[    2.370707] scsi host0: ata_piix
[    2.373101] scsi host1: ata_piix
[    2.374495] ata1: PATA max UDMA/33 cmd 0x1f0 ctl 0x3f6 bmdma 0xd000 irq 14
[    2.377817] ata2: PATA max UDMA/33 cmd 0x170 ctl 0x376 bmdma 0xd008 irq 15
[    2.383764] libphy: Fixed MDIO Bus: probed
[    2.391185] tun: Universal TUN/TAP device driver, 1.6
[    2.401200] PPP generic driver version 2.4.2
[    2.403304] ehci_hcd: USB 2.0 'Enhanced' Host Controller (EHCI) Driver
[    2.406183] ehci-pci: EHCI PCI platform driver
[    2.408862] ehci-platform: EHCI generic platform driver
[    2.413587] ohci_hcd: USB 1.1 'Open' Host Controller (OHCI) Driver
[    2.417519] ohci-pci: OHCI PCI platform driver
[    2.419442] ohci-platform: OHCI generic platform driver
[    2.421631] uhci_hcd: USB Universal Host Controller Interface driver
[    2.427206] i8042: PNP: PS/2 Controller [PNP0303:PS2K,PNP0f03:PS2M] at 0x60,0x64 irq 1,12
[    2.439010] serio: i8042 KBD port at 0x60,0x64 irq 1
[    2.441434] serio: i8042 AUX port at 0x60,0x64 irq 12
[    2.447752] mousedev: PS/2 mouse device common for all mice
[    2.451593] input: AT Translated Set 2 keyboard as /devices/platform/i8042/serio0/input/input2
[    2.455547] rtc_cmos rtc_cmos: rtc core: registered rtc_cmos as rtc0
[    2.458476] rtc_cmos rtc_cmos: alarms up to one day, 114 bytes nvram
[    2.464654] i2c /dev entries driver
[    2.467415] device-mapper: uevent: version 1.0.3
[    2.469652] device-mapper: ioctl: 4.37.0-ioctl (2017-09-20) initialised: dm-devel@redhat.com
[    2.473767] ledtrig-cpu: registered to indicate activity on CPUs
[    2.479985] NET: Registered protocol family 10
[    2.491204] Segment Routing with IPv6
[    2.494339] NET: Registered protocol family 17
[    2.498677] Key type dns_resolver registered
[    2.501516] mce: Using 0 MCE banks
[    2.503308] RAS: Correctable Errors collector initialized.
[    2.507721] sched_clock: Marking stable (2507632986, 0)->(4860906818, -2353273832)
[    2.518624] registered taskstats version 1
[    2.520744] Loading compiled-in X.509 certificates
[    2.531997] Loaded X.509 cert 'Build time autogenerated kernel key: 1d4b83cbc5f7a3cd7e4471a5cf69d65d9314bdf5'
[    2.536488] zswap: loaded using pool lzo/zbud
[    2.591221] Key type big_key registered
[    2.595767] Key type trusted registered
[    2.602749] Key type encrypted registered
[    2.604517] AppArmor: AppArmor sha1 policy hashing enabled
[    2.607208] ima: No TPM chip found, activating TPM-bypass! (rc=-19)
[    2.612948] ima: Allocated hash algorithm: sha1
[    2.615697] evm: HMAC attrs: 0x1
[    2.618389]   Magic number: 0:18:891
[    2.633427] event_source msr: hash matches
[    2.635605] rtc_cmos rtc_cmos: setting system clock to 2020-08-01 15:52:50 UTC (1596297170)
[    2.645498] BIOS EDD facility v0.16 2004-Jun-25, 0 devices found
[    2.649829] EDD information not available.
[    2.700599] Freeing unused kernel image memory: 2436K
[    2.764074] Write protecting the kernel read-only data: 20480k
[    2.768380] Freeing unused kernel image memory: 2008K
[    2.772305] Freeing unused kernel image memory: 1872K
[    2.816492] x86/mm: Checked W+X mappings: passed, no W+X pages found.
[    2.822106] x86/mm: Checking user space page tables
[    2.871593] x86/mm: Checked W+X mappings: passed, no W+X pages found.
Loading, please wait...
starting version 237
[    3.204199] Fusion MPT base driver 3.04.20
[    3.213086] Copyright (c) 1999-2008 LSI Corporation
[    3.219689] e1000: Intel(R) PRO/1000 Network Driver - version 7.3.21-k8-NAPI
[    3.222374] e1000: Copyright (c) 1999-2006 Intel Corporation.
[    3.430244] SSE version of gcm_enc/dec engaged.
[    3.442837] Fusion MPT SPI Host driver 3.04.20
[    3.461766] input: ImExPS/2 Generic Explorer Mouse as /devices/platform/i8042/serio1/input/input4
[    4.276437] e1000 0000:00:03.0 eth0: (PCI:33MHz:32-bit) 02:a9:4c:67:4e:6e
[    4.291046] e1000 0000:00:03.0 eth0: Intel(R) PRO/1000 Network Connection
[    4.301866] mptbase: ioc0: Initiating bringup
[    4.302555] e1000 0000:00:03.0 enp0s3: renamed from eth0
[    4.463233] ioc0: LSI53C1030 A0: Capabilities={Initiator}
[    7.726940] scsi host2: ioc0: LSI53C1030 A0, FwRev=00000000h, Ports=1, MaxQ=256, IRQ=20
[    9.205323] scsi 2:0:0:0: Direct-Access     VBOX     HARDDISK         1.0  PQ: 0 ANSI: 5
[    9.248206] scsi target2:0:0: Beginning Domain Validation
[    9.256424] random: fast init done
[    9.256491] scsi target2:0:0: Domain Validation skipping write tests
[    9.262259] scsi target2:0:0: Ending Domain Validation
[    9.265691] scsi target2:0:0: asynchronous
[    9.269601] scsi 2:0:1:0: Direct-Access     VBOX     HARDDISK         1.0  PQ: 0 ANSI: 5
[    9.908906] scsi target2:0:1: Beginning Domain Validation
[    9.929125] scsi target2:0:1: Domain Validation skipping write tests
[    9.937982] scsi target2:0:1: Ending Domain Validation
[    9.946234] scsi target2:0:1: asynchronous
[    9.966018] random: systemd-udevd: uninitialized urandom read (16 bytes read)
[    9.966639] sd 2:0:0:0: Attached scsi generic sg0 type 0
[    9.967270] sd 2:0:0:0: [sda] 31457280 512-byte logical blocks: (16.1 GB/15.0 GiB)
[    9.967381] sd 2:0:0:0: [sda] Write Protect is off
[    9.967627] sd 2:0:0:0: [sda] Incomplete mode parameter data
[    9.967630] sd 2:0:0:0: [sda] Assuming drive cache: write through
[    9.975091] random: systemd-udevd: uninitialized urandom read (16 bytes read)
[    9.977791]  sda: sda1
[    9.978898] sd 2:0:1:0: Attached scsi generic sg1 type 0
[    9.979765] sd 2:0:0:0: [sda] Attached SCSI disk
[    9.982306] random: systemd-udevd: uninitialized urandom read (16 bytes read)
[    9.985628] sd 2:0:1:0: [sdb] 20480 512-byte logical blocks: (10.5 MB/10.0 MiB)
[   10.004458] sd 2:0:1:0: [sdb] Write Protect is off
[   10.006576] sd 2:0:1:0: [sdb] Incomplete mode parameter data
[   10.009155] sd 2:0:1:0: [sdb] Assuming drive cache: write through
[   10.016518] sd 2:0:1:0: [sdb] Attached SCSI disk
Begin: Loading essential drivers ... [   12.948370] raid6: sse2x1   gen()  2194 MB/s
[   13.000419] raid6: sse2x1   xor()  1855 MB/s
[   13.052257] raid6: sse2x2   gen()  4662 MB/s
[   13.100273] raid6: sse2x2   xor()  3603 MB/s
[   13.148173] raid6: sse2x4   gen()  4205 MB/s
[   13.197402] raid6: sse2x4   xor()  2870 MB/s
[   13.204535] raid6: using algorithm sse2x2 gen() 4662 MB/s
[   13.208723] raid6: .... xor() 3603 MB/s, rmw enabled
[   13.213028] raid6: using ssse3x2 recovery algorithm
[   13.220728] xor: measuring software checksum speed
[   13.265420]    prefetch64-sse:  5654.000 MB/sec
[   13.308341]    generic_sse:  5557.000 MB/sec
[   13.312967] xor: using function: prefetch64-sse (5654.000 MB/sec)
[   13.324522] async_tx: api initialized (async)
done.
Begin: Running /scripts/init-premount ... done.
Begin: Mounting root file system ... Begin: Running /scripts/local-top ... done.
Begin: Running /scripts/local-premount ... [   13.478303] Btrfs loaded, crc32c=crc32c-intel
Scanning for Btrfs filesystems
done.
Warning: fsck not present, so skipping root file system
[   13.555922] EXT4-fs (sda1): INFO: recovery required on readonly filesystem
[   13.558997] EXT4-fs (sda1): write access will be enabled during recovery
[   13.755379] EXT4-fs (sda1): recovery complete
[   13.759224] EXT4-fs (sda1): mounted filesystem with ordered data mode. Opts: (null)
done.
Begin: Running /scripts/local-bottom ... done.
Begin: Running /scripts/init-bottom ... done.
[   14.289794] ip_tables: (C) 2000-2006 Netfilter Core Team
[   14.313509] systemd[1]: systemd 237 running in system mode. (+PAM +AUDIT +SELINUX +IMA +APPARMOR +SMACK +SYSVINIT +UTMP +LIBCRYPTSETUP +GCRYPT +GNUTLS +ACL +XZ +LZ4 +SECCOMP +BLKID +ELFUTILS +KMOD -IDN2 +IDN -PCRE2 default-hierarchy=hybrid)
[   14.331316] systemd[1]: Detected virtualization oracle.
[   14.338096] systemd[1]: Detected architecture x86-64.

Welcome to [1mUbuntu 18.04.4 LTS[0m!

[   14.384367] systemd[1]: Set hostname to <ubuntu-bionic>.
[   15.633578] systemd[1]: Created slice User and Session Slice.
[[0;32m  OK  [0m] Created slice User and Session Slice.
[   15.638835] systemd[1]: Reached target User and Group Name Lookups.
[[0;32m  OK  [0m] Reached target User and Group Name Lookups.
[   15.644311] systemd[1]: Reached target Swap.
[[0;32m  OK  [0m] Reached target Swap.
[   15.647407] systemd[1]: Set up automount Arbitrary Executable File Formats File System Automount Point.
[[0;32m  OK  [0m] Set up automount Arbitrary Executab…rmats File System Automount Point.
[   15.654235] systemd[1]: Created slice System Slice.
[[0;32m  OK  [0m] Created slice System Slice.
[   15.659032] systemd[1]: Listening on Journal Audit Socket.
[[0;32m  OK  [0m] Listening on Journal Audit Socket.
[[0;32m  OK  [0m] Listening on Journal Socket.
         Starting Set the console keyboard layout...
[[0;32m  OK  [0m] Listening on udev Control Socket.
         Starting Create list of required st…ce nodes for the current kernel...
[[0;32m  OK  [0m] Created slice system-serial\x2dgetty.slice.
         Starting Load Kernel Modules...
         Mounting Kernel Debug File System...
         Mounting POSIX Message Queue File System...
[[0;32m  OK  [0m] Reached target Slices.
         Starting Uncomplicated firewall...
[[0;32m  OK  [0m] Listening on Journal Socket (/dev/log).
         Mounting Huge Pages File System...
[[0;32m  OK  [0m] Listening on Network Service Netlink Socket.
[[0;32m  OK  [0m] Listening on udev Kernel Socket.
[   15.734461] Loading iSCSI transport class v2.0-870.
         Starting udev Coldplug all Devices...
[[0;32m  OK  [0m] Listening on LVM2 poll daemon socket.
[[0;32m  OK  [0m] Listening on /dev/initctl Compatibility Named Pipe.
[[0;32m  OK  [0m] Listening on Device-mapper event daemon FIFOs.
[[0;32m  OK  [0m] Listening on Syslog Socket.
         Starting Journal Service...
[[0;32m  OK  [0m] Reached target System Time Synchronized.
[   15.824756] iscsi: registered transport (tcp)
         Starting Remount Root and Kernel File Systems...
[[0;32m  OK  [0m] Listening on LVM2 metadata daemon socket.
         Starting Monitoring of LVM2 mirrors…ng dmevent[   15.861930] random: crng init done
d or progress po[   15.865395] random: 7 urandom warning(s) missed due to ratelimiting
lling...
[   15.890275] EXT4-fs (sda1): re-mounted. Opts: (null)
[[0;32m  OK  [0m] Started Forward Password Requests to Wall Directory Watch.
[[0;32m  OK  [0m] Started Create list of required sta…vice nodes for the current kernel.
[[0;32m  OK  [0m] Mounted Kernel Debug File System.
[[0;32m  OK  [0m] Mounted POSIX Message Queue File System.
[[0;32m  OK  [0m] Started Uncomplicated firewall.
[[0;32m  OK  [0m] Mounted Huge Pages File System.
[[0;32m  OK  [0m] Started Remount Root and Kernel File Systems.
         Starting Load/Save Random Seed...
         Starting Create Static Device Nodes in /dev...
[[0;32m  OK  [0m] Started Load/Save Random Seed.
[[0;32m  OK  [0m] Started Journal Service.
         Starting Flush Journal to Persistent Storage...
[[0;32m  OK  [0m] Started udev Coldplug all Devices.
[[0;32m  OK  [0m] Started Create Static Device Nodes in /dev.
[[0;32m  OK  [0m] Started Set the console keyboard layout.
         Starting udev Kernel Device Manager...
[   16.262124] iscsi: registered transport (iser)
[[0;32m  OK  [0m] Started Load Kernel Modules.
[[0;32m  OK  [0m] Started LVM2 metadata daemon.
         Mounting Kernel Configuration File System...
         Starting Apply Kernel Variables...
         Mounting FUSE Control File System...
[[0;32m  OK  [0m] Mounted Kernel Configuration File System.
[[0;32m  OK  [0m] Mounted FUSE Control File System.
[   16.414329] systemd-journald[435]: Received request to flush runtime journal from PID 1
[[0;32m  OK  [0m] Started udev Kernel Device Manager.
[[0;32m  OK  [0m] Started Dispatch Password Requests to Console Directory Watch.
[[0;32m  OK  [0m] Reached target Local Encrypted Volumes.
[[0;32m  OK  [0m] Started Monitoring of LVM2 mirrors,…sing dmeventd or progress polling.
[[0;32m  OK  [0m] Started Apply Kernel Variables.
[[0;32m  OK  [0m] Reached target Local File Systems (Pre).
[[0;32m  OK  [0m] Reached target Local File Systems.
         Starting AppArmor initialization...
         Starting ebtables ruleset management...
         Starting Set console font and keymap...
         Starting Tell Plymouth To Write Out Runtime Data...
[[0;32m  OK  [0m] Started Set console font and keymap.
[[0;32m  OK  [0m] Started Tell Plymouth To Write Out Runtime Data.
[[0;32m  OK  [0m] Started Flush Journal to Persistent Storage.
         Starting Create Volatile Files and Directories...
[[0;32m  OK  [0m] Started Create Volatile Files and Directories.
         Starting Update UTMP about System Boot/Shutdown...
[[0;32m  OK  [0m] Started ebtables ruleset management.
[[0;32m  OK  [0m] Started Update UTMP about System Boot/Shutdown.
[[0;32m  OK  [0m] Found device /dev/ttyS0.
[[0;32m  OK  [0m] Listening on Load/Save RF Kill Switch Status /dev/rfkill Watch.
[[0;32m  OK  [0m] Started AppArmor initialization.
         Starting Load AppArmor profiles managed internally by snapd...
         Starting Initial cloud-init job (pre-networking)...
[[0;32m  OK  [0m] Started Load AppArmor profiles managed internally by snapd.
[   22.699907] cloud-init[573]: Cloud-init v. 19.4-33-gbb4131a2-0ubuntu1~18.04.1 running 'init-local' at Sat, 01 Aug 2020 15:53:08 +0000. Up 21.09 seconds.
[[0;32m  OK  [0m] Started Initial cloud-init job (pre-networking).
[[0;32m  OK  [0m] Reached target Network (Pre).
         Starting Network Service...
[[0;32m  OK  [0m] Started Network Service.
         Starting Wait for Network to be Configured...
         Starting Network Name Resolution...
[[0;32m  OK  [0m] Started Network Name Resolution.
[[0;32m  OK  [0m] Reached target Host and Network Name Lookups.
[[0;32m  OK  [0m] Reached target Network.
[[0;32m  OK  [0m] Started Wait for Network to be Configured.
         Starting Initial cloud-init job (metadata service crawler)...
[   27.493989] cloud-init[686]: Cloud-init v. 19.4-33-gbb4131a2-0ubuntu1~18.04.1 running 'init' at Sat, 01 Aug 2020 15:53:14 +0000. Up 26.69 seconds.
[   27.509052] cloud-init[686]: ci-info: ++++++++++++++++++++++++++++++++++++++Net device info++++++++++++++++++++++++++++++++++++++
[   27.514590] cloud-init[686]: ci-info: +--------+------+----------------------------+---------------+--------+-------------------+
[   27.519610] cloud-init[686]: ci-info: | Device |  Up  |          Address           |      Mask     | Scope  |     Hw-Address    |
[   27.524041] cloud-init[686]: ci-info: +--------+------+----------------------------+---------------+--------+-------------------+
[   27.526919] cloud-init[686]: ci-info: | enp0s3 | True |         10.0.2.15          | 255.255.255.0 | global | 02:a9:4c:67:4e:6e |
[   27.544671] cloud-init[686]: ci-info: | enp0s3 | True | fe80::a9:4cff:fe67:4e6e/64 |       .       |  link  | 02:a9:4c:67:4e:6e |
[   27.548468] cloud-init[686]: ci-info: |   lo   | True |         127.0.0.1          |   255.0.0.0   |  host  |         .         |
[   27.554022] cloud-init[686]: ci-info: |   lo   | True |          ::1/128           |       .       |  host  |         .         |
[   27.586085] cloud-init[686]: ci-info: +--------+------+----------------------------+---------------+--------+-------------------+
[   27.600643] cloud-init[686]: ci-info: ++++++++++++++++++++++++++++Route IPv4 info+++++++++++++++++++++++++++++
[   27.604865] cloud-init[686]: ci-info: +-------+-------------+----------+-----------------+-----------+-------+
[   27.608012] cloud-init[686]: ci-info: | Route | Destination | Gateway  |     Genmask     | Interface | Flags |
[   27.611130] cloud-init[686]: ci-info: +-------+-------------+----------+-----------------+-----------+-------+
[   27.614852] cloud-init[686]: ci-info: |   0   |   0.0.0.0   | 10.0.2.2 |     0.0.0.0     |   enp0s3  |   UG  |
[   27.618092] cloud-init[686]: ci-info: |   1   |   10.0.2.0  | 0.0.0.0  |  255.255.255.0  |   enp0s3  |   U   |
[   27.621519] cloud-init[686]: ci-info: |   2   |   10.0.2.2  | 0.0.0.0  | 255.255.255.255 |   enp0s3  |   UH  |
[   27.628816] cloud-init[686]: ci-info: +-------+-------------+----------+-----------------+-----------+-------+
[   27.633079] cloud-init[686]: ci-info: +++++++++++++++++++Route IPv6 info+++++++++++++++++++
[   27.636587] cloud-init[686]: ci-info: +-------+-------------+---------+-----------+-------+
[   27.651371] cloud-init[686]: ci-info: | Route | Destination | Gateway | Interface | Flags |
[   27.653690] cloud-init[686]: ci-info: +-------+-------------+---------+-----------+-------+
[   27.656172] cloud-init[686]: ci-info: |   1   |  fe80::/64  |    ::   |   enp0s3  |   U   |
[   27.658901] cloud-init[686]: ci-info: |   3   |    local    |    ::   |   enp0s3  |   U   |
[   27.680453] cloud-init[686]: ci-info: |   4   |   ff00::/8  |    ::   |   enp0s3  |   U   |
[   27.683355] cloud-init[686]: ci-info: +-------+-------------+---------+-----------+-------+
[[0;32m  OK  [0m] Started Initial cloud-init job (metadata service crawler).
[[0;32m  OK  [0m] Reached target Cloud-config availability.
[[0;32m  OK  [0m] Reached target System Initialization.
[[0;32m  OK  [0m] Started Daily Cleanup of Temporary Directories.
[[0;32m  OK  [0m] Listening on ACPID Listen Socket.
         Starting Docker Socket for the API.
[[0;32m  OK  [0m] Started Daily apt download activities.
[[0;32m  OK  [0m] Started Daily apt upgrade and clean activities.
[[0;32m  OK  [0m] Started Discard unused blocks once a week.
         Starting Socket activation for snappy daemon.
[[0;32m  OK  [0m] Listening on Open-iSCSI iscsid Socket.
[[0;32m  OK  [0m] Started ACPI Events Check.
[[0;32m  OK  [0m] Reached target Paths.
         Starting LXD - unix socket.
[[0;32m  OK  [0m] Listening on D-Bus System Message Bus Socket.
[[0;32m  OK  [0m] Listening on UUID daemon activation socket.
[[0;32m  OK  [0m] Started Message of the Day.
[[0;32m  OK  [0m] Reached target Timers.
[[0;32m  OK  [0m] Reached target Network is Online.
         Starting Availability of block devices...
[[0;32m  OK  [0m] Reached target Remote File Systems (Pre).
[[0;32m  OK  [0m] Reached target Remote File Systems.
[[0;32m  OK  [0m] Listening on Docker Socket for the API.
[[0;32m  OK  [0m] Listening on Socket activation for snappy daemon.
[[0;32m  OK  [0m] Listening on LXD - unix socket.
[[0;32m  OK  [0m] Started Availability of block devices.
[[0;32m  OK  [0m] Reached target Sockets.
[[0;32m  OK  [0m] Reached target Basic System.
         Starting LSB: Record successful boot for GRUB...
         Starting Accounts Service...
         Starting Message of the Day...
         Starting LXD - container startup/shutdown...
[[0;32m  OK  [0m] Started FUSE filesystem for LXC.
         Starting LSB: automatic crash report generation...
[[0;32m  OK  [0m] Started D-Bus System Message Bus.
         Starting System Logging Service...
         Starting containerd container runtime...
         Starting Login Service...
[[0;32m  OK  [0m] Started Deferred execution scheduler.
         Starting Dispatcher daemon for systemd-networkd...
[[0;32m  OK  [0m] Started irqbalance daemon.
         Starting Snap Daemon...
         Starting Permit User Sessions...
[[0;32m  OK  [0m] Started Regular background program processing daemon.
         Starting OpenBSD Secure Shell server...
         Starting Virtualbox guest utils...
[[0;32m  OK  [0m] Started System Logging Service.
[[0;32m  OK  [0m] Started LXD - container startup/shutdown.
[[0;32m  OK  [0m] Started containerd container runtime.
[[0;32m  OK  [0m] Started Permit User Sessions.
[[0;32m  OK  [0m] Started Login Service.
[[0;32m  OK  [0m] Started Unattended Upgrades Shutdown.
         Starting Authorization Manager...
         Starting Hold until boot process finishes up...
         Starting Terminate Plymouth Boot Screen...
         Starting Docker Application Container Engine...
[[0;32m  OK  [0m] Started Hold until boot process finishes up.
[[0;32m  OK  [0m] Started Terminate Plymouth Boot Screen.
[[0;32m  OK  [0m] Started Serial Getty on ttyS0.
         Starting Set console scheme...
[[0;32m  OK  [0m] Started LSB: automatic crash report generation.
[[0;32m  OK  [0m] Started LSB: Record successful boot for GRUB.
[[0;32m  OK  [0m] Started Set console scheme.
[[0;32m  OK  [0m] Created slice system-getty.slice.
[[0;32m  OK  [0m] Started Getty on tty1.
[[0;32m  OK  [0m] Reached target Login Prompts.
[[0;32m  OK  [0m] Started OpenBSD Secure Shell server.
[[0;32m  OK  [0m] Started Dispatcher daemon for systemd-networkd.
[[0;32m  OK  [0m] Started Authorization Manager.
[[0;32m  OK  [0m] Started Accounts Service.
[[0;32m  OK  [0m] Started Virtualbox guest utils.
[[0;32m  OK  [0m] Created slice User Slice of vagrant.
         Starting User Manager for UID 1000...
[[0;32m  OK  [0m] Started Session 1 of user vagrant.
[[0;32m  OK  [0m] Started Snap Daemon.
         Starting Wait until snapd is fully seeded...
[[0;32m  OK  [0m] Started Wait until snapd is fully seeded.
         Starting Apply the settings specified in cloud-config...

Ubuntu 18.04.4 LTS ubuntu-bionic ttyS0

ubuntu-bionic login: [   38.392565] cloud-init[1264]: Cloud-init v. 19.4-33-gbb4131a2-0ubuntu1~18.04.1 running 'modules:config' at Sat, 01 Aug 2020 15:53:25 +0000. Up 37.82 seconds.
[   43.245008] cloud-init[1538]: Cloud-init v. 19.4-33-gbb4131a2-0ubuntu1~18.04.1 running 'modules:final' at Sat, 01 Aug 2020 15:53:30 +0000. Up 42.20 seconds.
[   43.247666] cloud-init[1538]: Cloud-init v. 19.4-33-gbb4131a2-0ubuntu1~18.04.1 finished at Sat, 01 Aug 2020 15:53:31 +0000. Datasource DataSourceNoCloud [seed=/dev/sdb][dsmode=net].  Up 43.18 seconds
